{"/home/eniosombra/dev/rocketseat/gostack-11/aplicacao-final/AppGoBarber/src/components/Button/index.tsx": {"path":"/home/eniosombra/dev/rocketseat/gostack-11/aplicacao-final/AppGoBarber/src/components/Button/index.tsx","statementMap":{"0":{"start":{"line":10,"column":38},"end":{"line":16,"column":1}},"1":{"start":{"line":11,"column":2},"end":{"line":15,"column":4}}},"fnMap":{"0":{"name":"(anonymous_0)","decl":{"start":{"line":10,"column":38},"end":{"line":10,"column":39}},"loc":{"start":{"line":10,"column":65},"end":{"line":16,"column":1}},"line":10}},"branchMap":{},"s":{"0":1,"1":1},"f":{"0":1},"b":{},"_coverageSchema":"43e27e138ebf9cfc5966b082cf9a028302ed4184","hash":"af32d4bd8e70d6bf1a9399dc298547f17a5579fd"}
,"/home/eniosombra/dev/rocketseat/gostack-11/aplicacao-final/AppGoBarber/src/components/Input/index.tsx": {"path":"/home/eniosombra/dev/rocketseat/gostack-11/aplicacao-final/AppGoBarber/src/components/Input/index.tsx","statementMap":{"0":{"start":{"line":28,"column":66},"end":{"line":93,"column":1}},"1":{"start":{"line":32,"column":26},"end":{"line":32,"column":43}},"2":{"start":{"line":33,"column":65},"end":{"line":33,"column":79}},"3":{"start":{"line":34,"column":24},"end":{"line":34,"column":76}},"4":{"start":{"line":36,"column":36},"end":{"line":36,"column":51}},"5":{"start":{"line":37,"column":34},"end":{"line":37,"column":49}},"6":{"start":{"line":39,"column":27},"end":{"line":41,"column":8}},"7":{"start":{"line":40,"column":4},"end":{"line":40,"column":23}},"8":{"start":{"line":43,"column":26},"end":{"line":47,"column":8}},"9":{"start":{"line":44,"column":4},"end":{"line":44,"column":24}},"10":{"start":{"line":46,"column":4},"end":{"line":46,"column":47}},"11":{"start":{"line":49,"column":2},"end":{"line":53,"column":6}},"12":{"start":{"line":49,"column":34},"end":{"line":53,"column":3}},"13":{"start":{"line":51,"column":6},"end":{"line":51,"column":38}},"14":{"start":{"line":55,"column":2},"end":{"line":69,"column":33}},"15":{"start":{"line":56,"column":4},"end":{"line":68,"column":7}},"16":{"start":{"line":61,"column":8},"end":{"line":61,"column":44}},"17":{"start":{"line":62,"column":8},"end":{"line":62,"column":64}},"18":{"start":{"line":65,"column":8},"end":{"line":65,"column":41}},"19":{"start":{"line":66,"column":8},"end":{"line":66,"column":40}},"20":{"start":{"line":71,"column":2},"end":{"line":92,"column":4}},"21":{"start":{"line":87,"column":10},"end":{"line":87,"column":46}}},"fnMap":{"0":{"name":"(anonymous_0)","decl":{"start":{"line":28,"column":66},"end":{"line":28,"column":67}},"loc":{"start":{"line":31,"column":5},"end":{"line":93,"column":1}},"line":31},"1":{"name":"(anonymous_1)","decl":{"start":{"line":39,"column":39},"end":{"line":39,"column":40}},"loc":{"start":{"line":39,"column":45},"end":{"line":41,"column":3}},"line":39},"2":{"name":"(anonymous_2)","decl":{"start":{"line":43,"column":38},"end":{"line":43,"column":39}},"loc":{"start":{"line":43,"column":44},"end":{"line":47,"column":3}},"line":43},"3":{"name":"(anonymous_3)","decl":{"start":{"line":49,"column":27},"end":{"line":49,"column":28}},"loc":{"start":{"line":49,"column":34},"end":{"line":53,"column":3}},"line":49},"4":{"name":"(anonymous_4)","decl":{"start":{"line":50,"column":4},"end":{"line":50,"column":5}},"loc":{"start":{"line":50,"column":12},"end":{"line":52,"column":5}},"line":50},"5":{"name":"(anonymous_5)","decl":{"start":{"line":55,"column":12},"end":{"line":55,"column":13}},"loc":{"start":{"line":55,"column":18},"end":{"line":69,"column":3}},"line":55},"6":{"name":"(anonymous_6)","decl":{"start":{"line":60,"column":6},"end":{"line":60,"column":7}},"loc":{"start":{"line":60,"column":32},"end":{"line":63,"column":7}},"line":60},"7":{"name":"(anonymous_7)","decl":{"start":{"line":64,"column":6},"end":{"line":64,"column":7}},"loc":{"start":{"line":64,"column":19},"end":{"line":67,"column":7}},"line":64},"8":{"name":"(anonymous_8)","decl":{"start":{"line":86,"column":22},"end":{"line":86,"column":23}},"loc":{"start":{"line":86,"column":31},"end":{"line":88,"column":9}},"line":86}},"branchMap":{"0":{"loc":{"start":{"line":29,"column":16},"end":{"line":29,"column":35}},"type":"default-arg","locations":[{"start":{"line":29,"column":33},"end":{"line":29,"column":35}}],"line":29},"1":{"loc":{"start":{"line":33,"column":25},"end":{"line":33,"column":42}},"type":"default-arg","locations":[{"start":{"line":33,"column":40},"end":{"line":33,"column":42}}],"line":33},"2":{"loc":{"start":{"line":76,"column":15},"end":{"line":76,"column":60}},"type":"cond-expr","locations":[{"start":{"line":76,"column":39},"end":{"line":76,"column":48}},{"start":{"line":76,"column":51},"end":{"line":76,"column":60}}],"line":76},"3":{"loc":{"start":{"line":76,"column":15},"end":{"line":76,"column":36}},"type":"binary-expr","locations":[{"start":{"line":76,"column":15},"end":{"line":76,"column":24}},{"start":{"line":76,"column":28},"end":{"line":76,"column":36}}],"line":76}},"s":{"0":1,"1":2,"2":2,"3":2,"4":2,"5":2,"6":2,"7":0,"8":2,"9":0,"10":0,"11":2,"12":1,"13":0,"14":2,"15":2,"16":0,"17":0,"18":0,"19":0,"20":2,"21":0},"f":{"0":2,"1":0,"2":0,"3":1,"4":0,"5":2,"6":0,"7":0,"8":0},"b":{"0":[2],"1":[2],"2":[0,2],"3":[2,2]},"_coverageSchema":"43e27e138ebf9cfc5966b082cf9a028302ed4184","hash":"a6da927ffb4e14ebc2bd74c21d0246cd312dd43d"}
,"/home/eniosombra/dev/rocketseat/gostack-11/aplicacao-final/AppGoBarber/src/hooks/auth.tsx": {"path":"/home/eniosombra/dev/rocketseat/gostack-11/aplicacao-final/AppGoBarber/src/hooks/auth.tsx","statementMap":{"0":{"start":{"line":37,"column":20},"end":{"line":37,"column":73}},"1":{"start":{"line":39,"column":31},"end":{"line":105,"column":1}},"2":{"start":{"line":40,"column":26},"end":{"line":40,"column":62}},"3":{"start":{"line":41,"column":32},"end":{"line":41,"column":46}},"4":{"start":{"line":43,"column":2},"end":{"line":60,"column":9}},"5":{"start":{"line":45,"column":28},"end":{"line":48,"column":8}},"6":{"start":{"line":50,"column":6},"end":{"line":54,"column":7}},"7":{"start":{"line":51,"column":8},"end":{"line":51,"column":66}},"8":{"start":{"line":53,"column":8},"end":{"line":53,"column":64}},"9":{"start":{"line":56,"column":6},"end":{"line":56,"column":24}},"10":{"start":{"line":59,"column":4},"end":{"line":59,"column":22}},"11":{"start":{"line":62,"column":17},"end":{"line":78,"column":8}},"12":{"start":{"line":63,"column":21},"end":{"line":66,"column":6}},"13":{"start":{"line":68,"column":28},"end":{"line":68,"column":41}},"14":{"start":{"line":70,"column":4},"end":{"line":73,"column":7}},"15":{"start":{"line":75,"column":4},"end":{"line":75,"column":59}},"16":{"start":{"line":77,"column":4},"end":{"line":77,"column":29}},"17":{"start":{"line":80,"column":18},"end":{"line":84,"column":8}},"18":{"start":{"line":81,"column":4},"end":{"line":81,"column":74}},"19":{"start":{"line":83,"column":4},"end":{"line":83,"column":29}},"20":{"start":{"line":86,"column":21},"end":{"line":96,"column":3}},"21":{"start":{"line":88,"column":6},"end":{"line":88,"column":73}},"22":{"start":{"line":90,"column":6},"end":{"line":93,"column":9}},"23":{"start":{"line":98,"column":2},"end":{"line":104,"column":4}},"24":{"start":{"line":108,"column":18},"end":{"line":108,"column":41}},"25":{"start":{"line":110,"column":2},"end":{"line":112,"column":3}},"26":{"start":{"line":111,"column":4},"end":{"line":111,"column":67}},"27":{"start":{"line":114,"column":2},"end":{"line":114,"column":17}}},"fnMap":{"0":{"name":"(anonymous_0)","decl":{"start":{"line":39,"column":31},"end":{"line":39,"column":32}},"loc":{"start":{"line":39,"column":49},"end":{"line":105,"column":1}},"line":39},"1":{"name":"(anonymous_1)","decl":{"start":{"line":43,"column":12},"end":{"line":43,"column":13}},"loc":{"start":{"line":43,"column":18},"end":{"line":60,"column":3}},"line":43},"2":{"name":"loadStorageData","decl":{"start":{"line":44,"column":19},"end":{"line":44,"column":34}},"loc":{"start":{"line":44,"column":52},"end":{"line":57,"column":5}},"line":44},"3":{"name":"(anonymous_3)","decl":{"start":{"line":62,"column":29},"end":{"line":62,"column":30}},"loc":{"start":{"line":62,"column":60},"end":{"line":78,"column":3}},"line":62},"4":{"name":"(anonymous_4)","decl":{"start":{"line":80,"column":30},"end":{"line":80,"column":31}},"loc":{"start":{"line":80,"column":42},"end":{"line":84,"column":3}},"line":80},"5":{"name":"(anonymous_5)","decl":{"start":{"line":87,"column":4},"end":{"line":87,"column":5}},"loc":{"start":{"line":87,"column":26},"end":{"line":94,"column":5}},"line":87},"6":{"name":"useAuth","decl":{"start":{"line":107,"column":9},"end":{"line":107,"column":16}},"loc":{"start":{"line":107,"column":36},"end":{"line":115,"column":1}},"line":107}},"branchMap":{"0":{"loc":{"start":{"line":50,"column":6},"end":{"line":54,"column":7}},"type":"if","locations":[{"start":{"line":50,"column":6},"end":{"line":54,"column":7}},{"start":{"line":50,"column":6},"end":{"line":54,"column":7}}],"line":50},"1":{"loc":{"start":{"line":50,"column":10},"end":{"line":50,"column":29}},"type":"binary-expr","locations":[{"start":{"line":50,"column":10},"end":{"line":50,"column":18}},{"start":{"line":50,"column":22},"end":{"line":50,"column":29}}],"line":50},"2":{"loc":{"start":{"line":110,"column":2},"end":{"line":112,"column":3}},"type":"if","locations":[{"start":{"line":110,"column":2},"end":{"line":112,"column":3}},{"start":{"line":110,"column":2},"end":{"line":112,"column":3}}],"line":110}},"s":{"0":1,"1":1,"2":0,"3":0,"4":0,"5":0,"6":0,"7":0,"8":0,"9":0,"10":0,"11":0,"12":0,"13":0,"14":0,"15":0,"16":0,"17":0,"18":0,"19":0,"20":0,"21":0,"22":0,"23":0,"24":1,"25":1,"26":0,"27":1},"f":{"0":0,"1":0,"2":0,"3":0,"4":0,"5":0,"6":1},"b":{"0":[0,0],"1":[0,0],"2":[0,1]},"_coverageSchema":"43e27e138ebf9cfc5966b082cf9a028302ed4184","hash":"fc32a6a767fe4df8ba061bf8e8e841532740e801"}
,"/home/eniosombra/dev/rocketseat/gostack-11/aplicacao-final/AppGoBarber/src/pages/AppointmentCreated/index.tsx": {"path":"/home/eniosombra/dev/rocketseat/gostack-11/aplicacao-final/AppGoBarber/src/pages/AppointmentCreated/index.tsx","statementMap":{"0":{"start":{"line":19,"column":37},"end":{"line":52,"column":1}},"1":{"start":{"line":20,"column":20},"end":{"line":20,"column":35}},"2":{"start":{"line":21,"column":21},"end":{"line":21,"column":31}},"3":{"start":{"line":23,"column":22},"end":{"line":23,"column":43}},"4":{"start":{"line":25,"column":24},"end":{"line":31,"column":24}},"5":{"start":{"line":26,"column":4},"end":{"line":30,"column":6}},"6":{"start":{"line":33,"column":26},"end":{"line":38,"column":13}},"7":{"start":{"line":34,"column":4},"end":{"line":37,"column":7}},"8":{"start":{"line":40,"column":2},"end":{"line":51,"column":4}}},"fnMap":{"0":{"name":"(anonymous_0)","decl":{"start":{"line":19,"column":37},"end":{"line":19,"column":38}},"loc":{"start":{"line":19,"column":43},"end":{"line":52,"column":1}},"line":19},"1":{"name":"(anonymous_1)","decl":{"start":{"line":25,"column":32},"end":{"line":25,"column":33}},"loc":{"start":{"line":25,"column":38},"end":{"line":31,"column":3}},"line":25},"2":{"name":"(anonymous_2)","decl":{"start":{"line":33,"column":38},"end":{"line":33,"column":39}},"loc":{"start":{"line":33,"column":44},"end":{"line":38,"column":3}},"line":33}},"branchMap":{},"s":{"0":0,"1":0,"2":0,"3":0,"4":0,"5":0,"6":0,"7":0,"8":0},"f":{"0":0,"1":0,"2":0},"b":{},"hash":"bef5a5e3518f524ed5dfb72955c69523dc9bc141"}
,"/home/eniosombra/dev/rocketseat/gostack-11/aplicacao-final/AppGoBarber/src/pages/CreateAppointment/index.tsx": {"path":"/home/eniosombra/dev/rocketseat/gostack-11/aplicacao-final/AppGoBarber/src/pages/CreateAppointment/index.tsx","statementMap":{"0":{"start":{"line":52,"column":36},"end":{"line":264,"column":1}},"1":{"start":{"line":53,"column":36},"end":{"line":53,"column":60}},"2":{"start":{"line":54,"column":46},"end":{"line":54,"column":61}},"3":{"start":{"line":55,"column":42},"end":{"line":55,"column":62}},"4":{"start":{"line":56,"column":42},"end":{"line":56,"column":53}},"5":{"start":{"line":57,"column":42},"end":{"line":57,"column":74}},"6":{"start":{"line":58,"column":19},"end":{"line":58,"column":28}},"7":{"start":{"line":59,"column":16},"end":{"line":59,"column":26}},"8":{"start":{"line":60,"column":31},"end":{"line":60,"column":46}},"9":{"start":{"line":61,"column":22},"end":{"line":61,"column":49}},"10":{"start":{"line":62,"column":50},"end":{"line":64,"column":3}},"11":{"start":{"line":66,"column":2},"end":{"line":70,"column":9}},"12":{"start":{"line":67,"column":4},"end":{"line":69,"column":7}},"13":{"start":{"line":68,"column":6},"end":{"line":68,"column":34}},"14":{"start":{"line":72,"column":2},"end":{"line":84,"column":56}},"15":{"start":{"line":73,"column":4},"end":{"line":83,"column":9}},"16":{"start":{"line":82,"column":8},"end":{"line":82,"column":39}},"17":{"start":{"line":86,"column":25},"end":{"line":88,"column":14}},"18":{"start":{"line":87,"column":4},"end":{"line":87,"column":13}},"19":{"start":{"line":90,"column":31},"end":{"line":92,"column":8}},"20":{"start":{"line":91,"column":4},"end":{"line":91,"column":36}},"21":{"start":{"line":94,"column":33},"end":{"line":96,"column":8}},"22":{"start":{"line":95,"column":4},"end":{"line":95,"column":39}},"23":{"start":{"line":95,"column":31},"end":{"line":95,"column":37}},"24":{"start":{"line":98,"column":28},"end":{"line":109,"column":3}},"25":{"start":{"line":100,"column":6},"end":{"line":102,"column":7}},"26":{"start":{"line":101,"column":8},"end":{"line":101,"column":33}},"27":{"start":{"line":104,"column":6},"end":{"line":106,"column":7}},"28":{"start":{"line":105,"column":8},"end":{"line":105,"column":30}},"29":{"start":{"line":111,"column":30},"end":{"line":121,"column":20}},"30":{"start":{"line":112,"column":4},"end":{"line":120,"column":9}},"31":{"start":{"line":113,"column":28},"end":{"line":113,"column":37}},"32":{"start":{"line":115,"column":8},"end":{"line":119,"column":10}},"33":{"start":{"line":123,"column":32},"end":{"line":133,"column":20}},"34":{"start":{"line":124,"column":4},"end":{"line":132,"column":9}},"35":{"start":{"line":125,"column":28},"end":{"line":125,"column":38}},"36":{"start":{"line":127,"column":8},"end":{"line":131,"column":10}},"37":{"start":{"line":135,"column":27},"end":{"line":137,"column":8}},"38":{"start":{"line":136,"column":4},"end":{"line":136,"column":26}},"39":{"start":{"line":139,"column":34},"end":{"line":157,"column":62}},"40":{"start":{"line":140,"column":4},"end":{"line":156,"column":5}},"41":{"start":{"line":141,"column":19},"end":{"line":141,"column":41}},"42":{"start":{"line":142,"column":6},"end":{"line":142,"column":34}},"43":{"start":{"line":143,"column":6},"end":{"line":143,"column":25}},"44":{"start":{"line":145,"column":6},"end":{"line":148,"column":9}},"45":{"start":{"line":150,"column":6},"end":{"line":150,"column":63}},"46":{"start":{"line":152,"column":6},"end":{"line":155,"column":8}},"47":{"start":{"line":159,"column":2},"end":{"line":263,"column":4}},"48":{"start":{"line":175,"column":38},"end":{"line":175,"column":49}},"49":{"start":{"line":179,"column":14},"end":{"line":188,"column":34}},"50":{"start":{"line":181,"column":31},"end":{"line":181,"column":64}},"51":{"start":{"line":220,"column":16},"end":{"line":230,"column":23}},"52":{"start":{"line":225,"column":33},"end":{"line":225,"column":55}},"53":{"start":{"line":241,"column":18},"end":{"line":251,"column":25}},"54":{"start":{"line":246,"column":35},"end":{"line":246,"column":57}}},"fnMap":{"0":{"name":"(anonymous_0)","decl":{"start":{"line":52,"column":36},"end":{"line":52,"column":37}},"loc":{"start":{"line":52,"column":42},"end":{"line":264,"column":1}},"line":52},"1":{"name":"(anonymous_1)","decl":{"start":{"line":66,"column":12},"end":{"line":66,"column":13}},"loc":{"start":{"line":66,"column":18},"end":{"line":70,"column":3}},"line":66},"2":{"name":"(anonymous_2)","decl":{"start":{"line":67,"column":31},"end":{"line":67,"column":32}},"loc":{"start":{"line":67,"column":43},"end":{"line":69,"column":5}},"line":67},"3":{"name":"(anonymous_3)","decl":{"start":{"line":72,"column":12},"end":{"line":72,"column":13}},"loc":{"start":{"line":72,"column":18},"end":{"line":84,"column":3}},"line":72},"4":{"name":"(anonymous_4)","decl":{"start":{"line":81,"column":12},"end":{"line":81,"column":13}},"loc":{"start":{"line":81,"column":24},"end":{"line":83,"column":7}},"line":81},"5":{"name":"(anonymous_5)","decl":{"start":{"line":86,"column":37},"end":{"line":86,"column":38}},"loc":{"start":{"line":86,"column":43},"end":{"line":88,"column":3}},"line":86},"6":{"name":"(anonymous_6)","decl":{"start":{"line":90,"column":43},"end":{"line":90,"column":44}},"loc":{"start":{"line":90,"column":67},"end":{"line":92,"column":3}},"line":90},"7":{"name":"(anonymous_7)","decl":{"start":{"line":94,"column":45},"end":{"line":94,"column":46}},"loc":{"start":{"line":94,"column":51},"end":{"line":96,"column":3}},"line":94},"8":{"name":"(anonymous_8)","decl":{"start":{"line":95,"column":22},"end":{"line":95,"column":23}},"loc":{"start":{"line":95,"column":31},"end":{"line":95,"column":37}},"line":95},"9":{"name":"(anonymous_9)","decl":{"start":{"line":99,"column":4},"end":{"line":99,"column":5}},"loc":{"start":{"line":99,"column":44},"end":{"line":107,"column":5}},"line":99},"10":{"name":"(anonymous_10)","decl":{"start":{"line":111,"column":38},"end":{"line":111,"column":39}},"loc":{"start":{"line":111,"column":44},"end":{"line":121,"column":3}},"line":111},"11":{"name":"(anonymous_11)","decl":{"start":{"line":113,"column":14},"end":{"line":113,"column":15}},"loc":{"start":{"line":113,"column":28},"end":{"line":113,"column":37}},"line":113},"12":{"name":"(anonymous_12)","decl":{"start":{"line":114,"column":11},"end":{"line":114,"column":12}},"loc":{"start":{"line":114,"column":36},"end":{"line":120,"column":7}},"line":114},"13":{"name":"(anonymous_13)","decl":{"start":{"line":123,"column":40},"end":{"line":123,"column":41}},"loc":{"start":{"line":123,"column":46},"end":{"line":133,"column":3}},"line":123},"14":{"name":"(anonymous_14)","decl":{"start":{"line":125,"column":14},"end":{"line":125,"column":15}},"loc":{"start":{"line":125,"column":28},"end":{"line":125,"column":38}},"line":125},"15":{"name":"(anonymous_15)","decl":{"start":{"line":126,"column":11},"end":{"line":126,"column":12}},"loc":{"start":{"line":126,"column":36},"end":{"line":132,"column":7}},"line":126},"16":{"name":"(anonymous_16)","decl":{"start":{"line":135,"column":39},"end":{"line":135,"column":40}},"loc":{"start":{"line":135,"column":57},"end":{"line":137,"column":3}},"line":135},"17":{"name":"(anonymous_17)","decl":{"start":{"line":139,"column":46},"end":{"line":139,"column":47}},"loc":{"start":{"line":139,"column":58},"end":{"line":157,"column":3}},"line":139},"18":{"name":"(anonymous_18)","decl":{"start":{"line":175,"column":26},"end":{"line":175,"column":27}},"loc":{"start":{"line":175,"column":38},"end":{"line":175,"column":49}},"line":175},"19":{"name":"(anonymous_19)","decl":{"start":{"line":178,"column":24},"end":{"line":178,"column":25}},"loc":{"start":{"line":179,"column":14},"end":{"line":188,"column":34}},"line":179},"20":{"name":"(anonymous_20)","decl":{"start":{"line":181,"column":25},"end":{"line":181,"column":26}},"loc":{"start":{"line":181,"column":31},"end":{"line":181,"column":64}},"line":181},"21":{"name":"(anonymous_21)","decl":{"start":{"line":219,"column":39},"end":{"line":219,"column":40}},"loc":{"start":{"line":220,"column":16},"end":{"line":230,"column":23}},"line":220},"22":{"name":"(anonymous_22)","decl":{"start":{"line":225,"column":27},"end":{"line":225,"column":28}},"loc":{"start":{"line":225,"column":33},"end":{"line":225,"column":55}},"line":225},"23":{"name":"(anonymous_23)","decl":{"start":{"line":240,"column":16},"end":{"line":240,"column":17}},"loc":{"start":{"line":241,"column":18},"end":{"line":251,"column":25}},"line":241},"24":{"name":"(anonymous_24)","decl":{"start":{"line":246,"column":29},"end":{"line":246,"column":30}},"loc":{"start":{"line":246,"column":35},"end":{"line":246,"column":57}},"line":246}},"branchMap":{"0":{"loc":{"start":{"line":100,"column":6},"end":{"line":102,"column":7}},"type":"if","locations":[{"start":{"line":100,"column":6},"end":{"line":102,"column":7}},{"start":{"line":100,"column":6},"end":{"line":102,"column":7}}],"line":100},"1":{"loc":{"start":{"line":104,"column":6},"end":{"line":106,"column":7}},"type":"if","locations":[{"start":{"line":104,"column":6},"end":{"line":106,"column":7}},{"start":{"line":104,"column":6},"end":{"line":106,"column":7}}],"line":104},"2":{"loc":{"start":{"line":201,"column":11},"end":{"line":209,"column":11}},"type":"binary-expr","locations":[{"start":{"line":201,"column":11},"end":{"line":201,"column":25}},{"start":{"line":202,"column":12},"end":{"line":208,"column":14}}],"line":201}},"s":{"0":0,"1":0,"2":0,"3":0,"4":0,"5":0,"6":0,"7":0,"8":0,"9":0,"10":0,"11":0,"12":0,"13":0,"14":0,"15":0,"16":0,"17":0,"18":0,"19":0,"20":0,"21":0,"22":0,"23":0,"24":0,"25":0,"26":0,"27":0,"28":0,"29":0,"30":0,"31":0,"32":0,"33":0,"34":0,"35":0,"36":0,"37":0,"38":0,"39":0,"40":0,"41":0,"42":0,"43":0,"44":0,"45":0,"46":0,"47":0,"48":0,"49":0,"50":0,"51":0,"52":0,"53":0,"54":0},"f":{"0":0,"1":0,"2":0,"3":0,"4":0,"5":0,"6":0,"7":0,"8":0,"9":0,"10":0,"11":0,"12":0,"13":0,"14":0,"15":0,"16":0,"17":0,"18":0,"19":0,"20":0,"21":0,"22":0,"23":0,"24":0},"b":{"0":[0,0],"1":[0,0],"2":[0,0]},"hash":"290ed981bf8d8bfa0e47c9958f7cdd41ddcd3e9a"}
,"/home/eniosombra/dev/rocketseat/gostack-11/aplicacao-final/AppGoBarber/src/pages/Dashboard/index.tsx": {"path":"/home/eniosombra/dev/rocketseat/gostack-11/aplicacao-final/AppGoBarber/src/pages/Dashboard/index.tsx","statementMap":{"0":{"start":{"line":32,"column":28},"end":{"line":101,"column":1}},"1":{"start":{"line":33,"column":36},"end":{"line":33,"column":60}},"2":{"start":{"line":34,"column":28},"end":{"line":34,"column":37}},"3":{"start":{"line":35,"column":23},"end":{"line":35,"column":38}},"4":{"start":{"line":37,"column":2},"end":{"line":41,"column":9}},"5":{"start":{"line":38,"column":4},"end":{"line":40,"column":7}},"6":{"start":{"line":39,"column":6},"end":{"line":39,"column":34}},"7":{"start":{"line":43,"column":28},"end":{"line":45,"column":16}},"8":{"start":{"line":44,"column":4},"end":{"line":44,"column":24}},"9":{"start":{"line":47,"column":38},"end":{"line":52,"column":3}},"10":{"start":{"line":49,"column":6},"end":{"line":49,"column":52}},"11":{"start":{"line":54,"column":2},"end":{"line":100,"column":4}},"12":{"start":{"line":57,"column":38},"end":{"line":57,"column":47}},"13":{"start":{"line":76,"column":34},"end":{"line":76,"column":45}},"14":{"start":{"line":78,"column":10},"end":{"line":96,"column":30}},"15":{"start":{"line":79,"column":27},"end":{"line":79,"column":67}}},"fnMap":{"0":{"name":"(anonymous_0)","decl":{"start":{"line":32,"column":28},"end":{"line":32,"column":29}},"loc":{"start":{"line":32,"column":34},"end":{"line":101,"column":1}},"line":32},"1":{"name":"(anonymous_1)","decl":{"start":{"line":37,"column":12},"end":{"line":37,"column":13}},"loc":{"start":{"line":37,"column":18},"end":{"line":41,"column":3}},"line":37},"2":{"name":"(anonymous_2)","decl":{"start":{"line":38,"column":31},"end":{"line":38,"column":32}},"loc":{"start":{"line":38,"column":43},"end":{"line":40,"column":5}},"line":38},"3":{"name":"(anonymous_3)","decl":{"start":{"line":43,"column":40},"end":{"line":43,"column":41}},"loc":{"start":{"line":43,"column":46},"end":{"line":45,"column":3}},"line":43},"4":{"name":"(anonymous_4)","decl":{"start":{"line":48,"column":4},"end":{"line":48,"column":5}},"loc":{"start":{"line":48,"column":28},"end":{"line":50,"column":5}},"line":48},"5":{"name":"(anonymous_5)","decl":{"start":{"line":57,"column":32},"end":{"line":57,"column":33}},"loc":{"start":{"line":57,"column":38},"end":{"line":57,"column":47}},"line":57},"6":{"name":"(anonymous_6)","decl":{"start":{"line":76,"column":22},"end":{"line":76,"column":23}},"loc":{"start":{"line":76,"column":34},"end":{"line":76,"column":45}},"line":76},"7":{"name":"(anonymous_7)","decl":{"start":{"line":77,"column":20},"end":{"line":77,"column":21}},"loc":{"start":{"line":78,"column":10},"end":{"line":96,"column":30}},"line":78},"8":{"name":"(anonymous_8)","decl":{"start":{"line":79,"column":21},"end":{"line":79,"column":22}},"loc":{"start":{"line":79,"column":27},"end":{"line":79,"column":67}},"line":79}},"branchMap":{},"s":{"0":0,"1":0,"2":0,"3":0,"4":0,"5":0,"6":0,"7":0,"8":0,"9":0,"10":0,"11":0,"12":0,"13":0,"14":0,"15":0},"f":{"0":0,"1":0,"2":0,"3":0,"4":0,"5":0,"6":0,"7":0,"8":0},"b":{},"hash":"12183653dc2eaa04addd334d9683348dfec2a3bd"}
,"/home/eniosombra/dev/rocketseat/gostack-11/aplicacao-final/AppGoBarber/src/pages/Profile/index.tsx": {"path":"/home/eniosombra/dev/rocketseat/gostack-11/aplicacao-final/AppGoBarber/src/pages/Profile/index.tsx","statementMap":{"0":{"start":{"line":40,"column":26},"end":{"line":275,"column":1}},"1":{"start":{"line":41,"column":31},"end":{"line":41,"column":40}},"2":{"start":{"line":42,"column":18},"end":{"line":42,"column":43}},"3":{"start":{"line":43,"column":30},"end":{"line":43,"column":53}},"4":{"start":{"line":44,"column":27},"end":{"line":44,"column":50}},"5":{"start":{"line":45,"column":34},"end":{"line":45,"column":57}},"6":{"start":{"line":46,"column":24},"end":{"line":46,"column":47}},"7":{"start":{"line":48,"column":21},"end":{"line":48,"column":36}},"8":{"start":{"line":50,"column":23},"end":{"line":133,"column":3}},"9":{"start":{"line":52,"column":6},"end":{"line":130,"column":7}},"10":{"start":{"line":53,"column":8},"end":{"line":53,"column":39}},"11":{"start":{"line":55,"column":23},"end":{"line":86,"column":10}},"12":{"start":{"line":65,"column":23},"end":{"line":65,"column":35}},"13":{"start":{"line":75,"column":25},"end":{"line":75,"column":37}},"14":{"start":{"line":88,"column":8},"end":{"line":90,"column":11}},"15":{"start":{"line":98,"column":12},"end":{"line":98,"column":16}},"16":{"start":{"line":100,"column":25},"end":{"line":110,"column":9}},"17":{"start":{"line":112,"column":25},"end":{"line":112,"column":60}},"18":{"start":{"line":114,"column":8},"end":{"line":114,"column":34}},"19":{"start":{"line":116,"column":8},"end":{"line":116,"column":54}},"20":{"start":{"line":118,"column":8},"end":{"line":118,"column":28}},"21":{"start":{"line":120,"column":8},"end":{"line":129,"column":9}},"22":{"start":{"line":121,"column":25},"end":{"line":121,"column":49}},"23":{"start":{"line":123,"column":10},"end":{"line":123,"column":45}},"24":{"start":{"line":125,"column":10},"end":{"line":128,"column":12}},"25":{"start":{"line":135,"column":23},"end":{"line":137,"column":18}},"26":{"start":{"line":136,"column":4},"end":{"line":136,"column":24}},"27":{"start":{"line":139,"column":29},"end":{"line":171,"column":27}},"28":{"start":{"line":140,"column":4},"end":{"line":170,"column":6}},"29":{"start":{"line":148,"column":8},"end":{"line":150,"column":9}},"30":{"start":{"line":149,"column":10},"end":{"line":149,"column":17}},"31":{"start":{"line":152,"column":8},"end":{"line":156,"column":9}},"32":{"start":{"line":153,"column":10},"end":{"line":153,"column":54}},"33":{"start":{"line":154,"column":10},"end":{"line":154,"column":38}},"34":{"start":{"line":155,"column":10},"end":{"line":155,"column":17}},"35":{"start":{"line":158,"column":21},"end":{"line":158,"column":35}},"36":{"start":{"line":160,"column":8},"end":{"line":164,"column":11}},"37":{"start":{"line":166,"column":8},"end":{"line":168,"column":11}},"38":{"start":{"line":167,"column":10},"end":{"line":167,"column":39}},"39":{"start":{"line":173,"column":2},"end":{"line":274,"column":4}},"40":{"start":{"line":205,"column":18},"end":{"line":205,"column":49}},"41":{"start":{"line":218,"column":18},"end":{"line":218,"column":55}},"42":{"start":{"line":232,"column":18},"end":{"line":232,"column":52}},"43":{"start":{"line":245,"column":18},"end":{"line":245,"column":59}},"44":{"start":{"line":258,"column":18},"end":{"line":258,"column":48}},"45":{"start":{"line":264,"column":18},"end":{"line":264,"column":48}}},"fnMap":{"0":{"name":"(anonymous_0)","decl":{"start":{"line":40,"column":26},"end":{"line":40,"column":27}},"loc":{"start":{"line":40,"column":32},"end":{"line":275,"column":1}},"line":40},"1":{"name":"(anonymous_1)","decl":{"start":{"line":51,"column":4},"end":{"line":51,"column":5}},"loc":{"start":{"line":51,"column":37},"end":{"line":131,"column":5}},"line":51},"2":{"name":"(anonymous_2)","decl":{"start":{"line":65,"column":16},"end":{"line":65,"column":17}},"loc":{"start":{"line":65,"column":23},"end":{"line":65,"column":35}},"line":65},"3":{"name":"(anonymous_3)","decl":{"start":{"line":75,"column":18},"end":{"line":75,"column":19}},"loc":{"start":{"line":75,"column":25},"end":{"line":75,"column":37}},"line":75},"4":{"name":"(anonymous_4)","decl":{"start":{"line":135,"column":35},"end":{"line":135,"column":36}},"loc":{"start":{"line":135,"column":41},"end":{"line":137,"column":3}},"line":135},"5":{"name":"(anonymous_5)","decl":{"start":{"line":139,"column":41},"end":{"line":139,"column":42}},"loc":{"start":{"line":139,"column":47},"end":{"line":171,"column":3}},"line":139},"6":{"name":"(anonymous_6)","decl":{"start":{"line":147,"column":6},"end":{"line":147,"column":7}},"loc":{"start":{"line":147,"column":18},"end":{"line":169,"column":7}},"line":147},"7":{"name":"(anonymous_7)","decl":{"start":{"line":166,"column":45},"end":{"line":166,"column":46}},"loc":{"start":{"line":166,"column":60},"end":{"line":168,"column":9}},"line":166},"8":{"name":"(anonymous_8)","decl":{"start":{"line":204,"column":33},"end":{"line":204,"column":34}},"loc":{"start":{"line":204,"column":39},"end":{"line":206,"column":17}},"line":204},"9":{"name":"(anonymous_9)","decl":{"start":{"line":217,"column":33},"end":{"line":217,"column":34}},"loc":{"start":{"line":217,"column":39},"end":{"line":219,"column":17}},"line":217},"10":{"name":"(anonymous_10)","decl":{"start":{"line":231,"column":33},"end":{"line":231,"column":34}},"loc":{"start":{"line":231,"column":39},"end":{"line":233,"column":17}},"line":231},"11":{"name":"(anonymous_11)","decl":{"start":{"line":244,"column":33},"end":{"line":244,"column":34}},"loc":{"start":{"line":244,"column":39},"end":{"line":246,"column":17}},"line":244},"12":{"name":"(anonymous_12)","decl":{"start":{"line":257,"column":33},"end":{"line":257,"column":34}},"loc":{"start":{"line":257,"column":39},"end":{"line":259,"column":17}},"line":257},"13":{"name":"(anonymous_13)","decl":{"start":{"line":263,"column":25},"end":{"line":263,"column":26}},"loc":{"start":{"line":263,"column":31},"end":{"line":265,"column":17}},"line":263}},"branchMap":{"0":{"loc":{"start":{"line":103,"column":14},"end":{"line":109,"column":16}},"type":"cond-expr","locations":[{"start":{"line":104,"column":14},"end":{"line":108,"column":15}},{"start":{"line":109,"column":14},"end":{"line":109,"column":16}}],"line":103},"1":{"loc":{"start":{"line":120,"column":8},"end":{"line":129,"column":9}},"type":"if","locations":[{"start":{"line":120,"column":8},"end":{"line":129,"column":9}},{"start":{"line":120,"column":8},"end":{"line":129,"column":9}}],"line":120},"2":{"loc":{"start":{"line":148,"column":8},"end":{"line":150,"column":9}},"type":"if","locations":[{"start":{"line":148,"column":8},"end":{"line":150,"column":9}},{"start":{"line":148,"column":8},"end":{"line":150,"column":9}}],"line":148},"3":{"loc":{"start":{"line":152,"column":8},"end":{"line":156,"column":9}},"type":"if","locations":[{"start":{"line":152,"column":8},"end":{"line":156,"column":9}},{"start":{"line":152,"column":8},"end":{"line":156,"column":9}}],"line":152},"4":{"loc":{"start":{"line":177,"column":18},"end":{"line":177,"column":63}},"type":"cond-expr","locations":[{"start":{"line":177,"column":42},"end":{"line":177,"column":51}},{"start":{"line":177,"column":54},"end":{"line":177,"column":63}}],"line":177}},"s":{"0":0,"1":0,"2":0,"3":0,"4":0,"5":0,"6":0,"7":0,"8":0,"9":0,"10":0,"11":0,"12":0,"13":0,"14":0,"15":0,"16":0,"17":0,"18":0,"19":0,"20":0,"21":0,"22":0,"23":0,"24":0,"25":0,"26":0,"27":0,"28":0,"29":0,"30":0,"31":0,"32":0,"33":0,"34":0,"35":0,"36":0,"37":0,"38":0,"39":0,"40":0,"41":0,"42":0,"43":0,"44":0,"45":0},"f":{"0":0,"1":0,"2":0,"3":0,"4":0,"5":0,"6":0,"7":0,"8":0,"9":0,"10":0,"11":0,"12":0,"13":0},"b":{"0":[0,0],"1":[0,0],"2":[0,0],"3":[0,0],"4":[0,0]},"hash":"af63696ea5e6dbfd6c2ebdd4cfaa435ba4490e25"}
,"/home/eniosombra/dev/rocketseat/gostack-11/aplicacao-final/AppGoBarber/src/pages/SignIn/index.tsx": {"path":"/home/eniosombra/dev/rocketseat/gostack-11/aplicacao-final/AppGoBarber/src/pages/SignIn/index.tsx","statementMap":{"0":{"start":{"line":39,"column":25},"end":{"line":149,"column":1}},"1":{"start":{"line":40,"column":18},"end":{"line":40,"column":43}},"2":{"start":{"line":41,"column":27},"end":{"line":41,"column":50}},"3":{"start":{"line":43,"column":21},"end":{"line":43,"column":36}},"4":{"start":{"line":45,"column":21},"end":{"line":45,"column":30}},"5":{"start":{"line":47,"column":23},"end":{"line":83,"column":3}},"6":{"start":{"line":49,"column":6},"end":{"line":80,"column":7}},"7":{"start":{"line":50,"column":8},"end":{"line":50,"column":39}},"8":{"start":{"line":52,"column":23},"end":{"line":57,"column":10}},"9":{"start":{"line":59,"column":8},"end":{"line":61,"column":11}},"10":{"start":{"line":63,"column":8},"end":{"line":66,"column":11}},"11":{"start":{"line":68,"column":8},"end":{"line":74,"column":9}},"12":{"start":{"line":69,"column":25},"end":{"line":69,"column":49}},"13":{"start":{"line":71,"column":10},"end":{"line":71,"column":45}},"14":{"start":{"line":73,"column":10},"end":{"line":73,"column":17}},"15":{"start":{"line":76,"column":8},"end":{"line":79,"column":10}},"16":{"start":{"line":85,"column":2},"end":{"line":148,"column":4}},"17":{"start":{"line":112,"column":18},"end":{"line":112,"column":52}},"18":{"start":{"line":123,"column":18},"end":{"line":123,"column":48}},"19":{"start":{"line":129,"column":18},"end":{"line":129,"column":48}},"20":{"start":{"line":142,"column":44},"end":{"line":142,"column":73}}},"fnMap":{"0":{"name":"(anonymous_0)","decl":{"start":{"line":39,"column":25},"end":{"line":39,"column":26}},"loc":{"start":{"line":39,"column":31},"end":{"line":149,"column":1}},"line":39},"1":{"name":"(anonymous_1)","decl":{"start":{"line":48,"column":4},"end":{"line":48,"column":5}},"loc":{"start":{"line":48,"column":36},"end":{"line":81,"column":5}},"line":48},"2":{"name":"(anonymous_2)","decl":{"start":{"line":111,"column":33},"end":{"line":111,"column":34}},"loc":{"start":{"line":111,"column":39},"end":{"line":113,"column":17}},"line":111},"3":{"name":"(anonymous_3)","decl":{"start":{"line":122,"column":33},"end":{"line":122,"column":34}},"loc":{"start":{"line":122,"column":39},"end":{"line":124,"column":17}},"line":122},"4":{"name":"(anonymous_4)","decl":{"start":{"line":128,"column":25},"end":{"line":128,"column":26}},"loc":{"start":{"line":128,"column":31},"end":{"line":130,"column":17}},"line":128},"5":{"name":"(anonymous_5)","decl":{"start":{"line":136,"column":37},"end":{"line":136,"column":38}},"loc":{"start":{"line":136,"column":43},"end":{"line":136,"column":45}},"line":136},"6":{"name":"(anonymous_6)","decl":{"start":{"line":142,"column":38},"end":{"line":142,"column":39}},"loc":{"start":{"line":142,"column":44},"end":{"line":142,"column":73}},"line":142}},"branchMap":{"0":{"loc":{"start":{"line":68,"column":8},"end":{"line":74,"column":9}},"type":"if","locations":[{"start":{"line":68,"column":8},"end":{"line":74,"column":9}},{"start":{"line":68,"column":8},"end":{"line":74,"column":9}}],"line":68},"1":{"loc":{"start":{"line":89,"column":18},"end":{"line":89,"column":63}},"type":"cond-expr","locations":[{"start":{"line":89,"column":42},"end":{"line":89,"column":51}},{"start":{"line":89,"column":54},"end":{"line":89,"column":63}}],"line":89}},"s":{"0":1,"1":1,"2":1,"3":1,"4":1,"5":1,"6":0,"7":0,"8":0,"9":0,"10":0,"11":0,"12":0,"13":0,"14":0,"15":0,"16":1,"17":0,"18":0,"19":0,"20":0},"f":{"0":1,"1":0,"2":0,"3":0,"4":0,"5":0,"6":0},"b":{"0":[0,0],"1":[1,0]},"_coverageSchema":"43e27e138ebf9cfc5966b082cf9a028302ed4184","hash":"8dd4fa5aea8c0460be9599dceaa7501a238ed53f"}
,"/home/eniosombra/dev/rocketseat/gostack-11/aplicacao-final/AppGoBarber/src/pages/SignUp/index.tsx": {"path":"/home/eniosombra/dev/rocketseat/gostack-11/aplicacao-final/AppGoBarber/src/pages/SignUp/index.tsx","statementMap":{"0":{"start":{"line":32,"column":25},"end":{"line":151,"column":1}},"1":{"start":{"line":33,"column":18},"end":{"line":33,"column":43}},"2":{"start":{"line":34,"column":27},"end":{"line":34,"column":50}},"3":{"start":{"line":35,"column":24},"end":{"line":35,"column":47}},"4":{"start":{"line":37,"column":21},"end":{"line":37,"column":36}},"5":{"start":{"line":39,"column":23},"end":{"line":78,"column":3}},"6":{"start":{"line":41,"column":6},"end":{"line":75,"column":7}},"7":{"start":{"line":42,"column":8},"end":{"line":42,"column":39}},"8":{"start":{"line":44,"column":23},"end":{"line":50,"column":10}},"9":{"start":{"line":52,"column":8},"end":{"line":54,"column":11}},"10":{"start":{"line":56,"column":8},"end":{"line":56,"column":39}},"11":{"start":{"line":58,"column":8},"end":{"line":61,"column":10}},"12":{"start":{"line":63,"column":8},"end":{"line":63,"column":28}},"13":{"start":{"line":65,"column":8},"end":{"line":74,"column":9}},"14":{"start":{"line":66,"column":25},"end":{"line":66,"column":49}},"15":{"start":{"line":68,"column":10},"end":{"line":68,"column":45}},"16":{"start":{"line":70,"column":10},"end":{"line":73,"column":12}},"17":{"start":{"line":79,"column":2},"end":{"line":150,"column":4}},"18":{"start":{"line":104,"column":18},"end":{"line":104,"column":49}},"19":{"start":{"line":117,"column":18},"end":{"line":117,"column":52}},"20":{"start":{"line":129,"column":18},"end":{"line":129,"column":48}},"21":{"start":{"line":135,"column":18},"end":{"line":135,"column":48}},"22":{"start":{"line":144,"column":37},"end":{"line":144,"column":56}}},"fnMap":{"0":{"name":"(anonymous_0)","decl":{"start":{"line":32,"column":25},"end":{"line":32,"column":26}},"loc":{"start":{"line":32,"column":31},"end":{"line":151,"column":1}},"line":32},"1":{"name":"(anonymous_1)","decl":{"start":{"line":40,"column":4},"end":{"line":40,"column":5}},"loc":{"start":{"line":40,"column":36},"end":{"line":76,"column":5}},"line":40},"2":{"name":"(anonymous_2)","decl":{"start":{"line":103,"column":33},"end":{"line":103,"column":34}},"loc":{"start":{"line":103,"column":39},"end":{"line":105,"column":17}},"line":103},"3":{"name":"(anonymous_3)","decl":{"start":{"line":116,"column":33},"end":{"line":116,"column":34}},"loc":{"start":{"line":116,"column":39},"end":{"line":118,"column":17}},"line":116},"4":{"name":"(anonymous_4)","decl":{"start":{"line":128,"column":33},"end":{"line":128,"column":34}},"loc":{"start":{"line":128,"column":39},"end":{"line":130,"column":17}},"line":128},"5":{"name":"(anonymous_5)","decl":{"start":{"line":134,"column":25},"end":{"line":134,"column":26}},"loc":{"start":{"line":134,"column":31},"end":{"line":136,"column":17}},"line":134},"6":{"name":"(anonymous_6)","decl":{"start":{"line":144,"column":31},"end":{"line":144,"column":32}},"loc":{"start":{"line":144,"column":37},"end":{"line":144,"column":56}},"line":144}},"branchMap":{"0":{"loc":{"start":{"line":65,"column":8},"end":{"line":74,"column":9}},"type":"if","locations":[{"start":{"line":65,"column":8},"end":{"line":74,"column":9}},{"start":{"line":65,"column":8},"end":{"line":74,"column":9}}],"line":65},"1":{"loc":{"start":{"line":83,"column":18},"end":{"line":83,"column":63}},"type":"cond-expr","locations":[{"start":{"line":83,"column":42},"end":{"line":83,"column":51}},{"start":{"line":83,"column":54},"end":{"line":83,"column":63}}],"line":83}},"s":{"0":0,"1":0,"2":0,"3":0,"4":0,"5":0,"6":0,"7":0,"8":0,"9":0,"10":0,"11":0,"12":0,"13":0,"14":0,"15":0,"16":0,"17":0,"18":0,"19":0,"20":0,"21":0,"22":0},"f":{"0":0,"1":0,"2":0,"3":0,"4":0,"5":0,"6":0},"b":{"0":[0,0],"1":[0,0]},"hash":"cafea78dc77b9baa15b31059823d5d43af11c93a"}
}
